<?xml version="1.0" encoding="UTF-8"?>
<testsuite xmlns:xsi="http://www.w3.org/2001/XMLSchema-instance" xsi:noNamespaceSchemaLocation="https://maven.apache.org/surefire/maven-surefire-plugin/xsd/surefire-test-report-3.0.xsd" version="3.0" name="TestSuite" time="7.522" tests="2" errors="0" skipped="0" failures="0">
  <properties>
[...]
</properties>
  <testcase name="runScenario[&quot;Test Sauce Demo Application&quot;, &quot;Test Sauce Demo application&quot;](1)" classname="TestRunner.SauceRunner" time="3.752">
    <system-err><![CDATA[Jan 13, 2024 2:41:44 PM org.openqa.selenium.devtools.CdpVersionFinder findNearestMatch
WARNING: Unable to find an exact match for CDP version 120, returning the closest version; found: 119; Please update to a Selenium version that supports CDP version 120
]]></system-err>
  </testcase>
  <testcase name="runScenario[&quot;Test Sauce Demo Application&quot;, &quot;Test Sauce Demo application&quot;](2)" classname="TestRunner.SauceRunner" time="3.111">
    <system-err><![CDATA[Jan 13, 2024 2:41:47 PM org.openqa.selenium.devtools.CdpVersionFinder findNearestMatch
WARNING: Unable to find an exact match for CDP version 120, returning the closest version; found: 119; Please update to a Selenium version that supports CDP version 120
]]></system-err>
  </testcase>
</testsuite>